<?xml version="1.0" encoding="UTF-8" ?>
<testsuite errors="0" failures="0" hostname="jotadeveloper-desktop" name="org.encuestame.core.persistence.dao.TestSecGroupDaoImp" tests="2" time="0.091" timestamp="2009-10-31T06:12:32">
  <properties>
    <property name="java.vendor" value="Sun Microsystems Inc." />
    <property name="cobertura.classes.instrument" value="/home/jpicado/workspacesJava/encuestame/build//cobertura/instrument/" />
    <property name="sun.java.launcher" value="SUN_STANDARD" />
    <property name="sun.management.compiler" value="HotSpot Tiered Compilers" />
    <property name="cobertura.report.dir" value="/home/jpicado/workspacesJava/encuestame/build//cobertura//report" />
    <property name="os.name" value="Linux" />
    <property name="sun.boot.class.path" value="/usr/lib/jvm/java-6-openjdk/jre/lib/resources.jar:/usr/lib/jvm/java-6-openjdk/jre/lib/rt.jar:/usr/lib/jvm/java-6-openjdk/jre/lib/sunrsasign.jar:/usr/lib/jvm/java-6-openjdk/jre/lib/jsse.jar:/usr/lib/jvm/java-6-openjdk/jre/lib/jce.jar:/usr/lib/jvm/java-6-openjdk/jre/lib/charsets.jar:/usr/lib/jvm/java-6-openjdk/jre/lib/rhino.jar:/usr/lib/jvm/java-6-openjdk/jre/classes" />
    <property name="test.reports.dir" value="test//reports/" />
    <property name="findbugs.home" value="/opt/findbugs" />
    <property name="sun.desktop" value="gnome" />
    <property name="build.compile" value="/home/jpicado/workspacesJava/encuestame/build/compile/" />
    <property name="java.vm.specification.vendor" value="Sun Microsystems Inc." />
    <property name="net.sourceforge.cobertura.datafile" value="/home/jpicado/workspacesJava/encuestame/build/cobertura/instrument/cobertura.ser" />
    <property name="ant.home" value="/usr/share/ant" />
    <property name="src.properties" value="source/config/properties/" />
    <property name="java.runtime.version" value="1.6.0_0-b14" />
    <property name="cobertura.dir" value="/opt/cobertura/" />
    <property name="user.name" value="jpicado" />
    <property name="src.java" value="source/java/" />
    <property name="src.jsf" value="source/config/jsf/" />
    <property name="user.language" value="es" />
    <property name="cobertura.xml.dir" value="/home/jpicado/workspacesJava/encuestame/build//cobertura//junit" />
    <property name="build" value="/home/jpicado/workspacesJava/encuestame/build/" />
    <property name="sun.boot.library.path" value="/usr/lib/jvm/java-6-openjdk/jre/lib/i386" />
    <property name="src.templates" value="source/xhtml/templates/" />
    <property name="webcontent" value="WebContent" />
    <property name="ant.project.name" value="encuestame" />
    <property name="java.version" value="1.6.0_0" />
    <property name="user.timezone" value="" />
    <property name="em.version" value="1.0-beta" />
    <property name="sun.arch.data.model" value="32" />
    <property name="cobertura.jar.file" value="cobertura.jar" />
    <property name="user.zoneinfo.dir" value="/usr/share/javazi" />
    <property name="java.endorsed.dirs" value="/usr/lib/jvm/java-6-openjdk/jre/lib/endorsed" />
    <property name="doc" value="/home/jpicado/workspacesJava/encuestame/build//javadoc" />
    <property name="em.app.lib" value="lib/" />
    <property name="sun.cpu.isalist" value="" />
    <property name="sun.jnu.encoding" value="UTF-8" />
    <property name="file.encoding.pkg" value="sun.io" />
    <property name="cobertura.data.dir" value="/home/jpicado/workspacesJava/encuestame/build//cobertura/" />
    <property name="file.separator" value="/" />
    <property name="java.specification.name" value="Java Platform API Specification" />
    <property name="src.spring" value="source/config/spring/" />
    <property name="java.class.version" value="50.0" />
    <property name="user.country" value="CR" />
    <property name="java.home" value="/usr/lib/jvm/java-6-openjdk/jre" />
    <property name="dist.dir" value="dist/" />
    <property name="java.vm.info" value="mixed mode" />
    <property name="build.class" value="/home/jpicado/workspacesJava/encuestame/build/compile/prod/" />
    <property name="ant.file" value="/home/jpicado/workspacesJava/encuestame/build.xml" />
    <property name="os.version" value="2.6.28-15-generic" />
    <property name="path.separator" value=":" />
    <property name="webapp.dir" value="/home/jpicado/workspacesJava/encuestame" />
    <property name="test.results.dir" value="test//result/" />
    <property name="java.vm.version" value="14.0-b08" />
    <property name="report.dir" value="/home/jpicado/workspacesJava/encuestame/report/" />
    <property name="ant.library.dir" value="/usr/share/ant/lib" />
    <property name="src.code" value="source/" />
    <property name="java.awt.printerjob" value="sun.print.PSPrinterJob" />
    <property name="sun.io.unicode.encoding" value="UnicodeLittle" />
    <property name="web-inf" value="WebContent/WEB-INF/" />
    <property name="user.home" value="/home/jpicado" />
    <property name="src.re" value="source/resources/" />
    <property name="java.specification.vendor" value="Sun Microsystems Inc." />
    <property name="src.user" value="source/xhtml//user" />
    <property name="test.dir" value="test/" />
    <property name="java.library.path" value="/usr/lib/jvm/java-6-openjdk/jre/lib/i386/server:/usr/lib/jvm/java-6-openjdk/jre/lib/i386:/usr/lib/jvm/java-6-openjdk/jre/../lib/i386:/usr/java/packages/lib/i386:/lib:/usr/lib" />
    <property name="java.vendor.url" value="http://java.sun.com/" />
    <property name="src.taglibs" value="source/taglibs/" />
    <property name="java.vm.vendor" value="Sun Microsystems Inc." />
    <property name="java.runtime.name" value="OpenJDK Runtime Environment" />
    <property name="ant.version" value="Apache Ant version 1.7.1 compiled on November 10 2008" />
    <property name="java.class.path" value="/home/jpicado/workspacesJava/encuestame/build/cobertura/instrument:/home/jpicado/workspacesJava/encuestame/lib/activation-1.1.jar:/home/jpicado/workspacesJava/encuestame/lib/ant-junit-1.7.0.jar:/home/jpicado/workspacesJava/encuestame/lib/antlr-2.7.6.jar:/home/jpicado/workspacesJava/encuestame/lib/asm-attrs.jar:/home/jpicado/workspacesJava/encuestame/lib/asm.jar:/home/jpicado/workspacesJava/encuestame/lib/c3p0-0.9.0.jar:/home/jpicado/workspacesJava/encuestame/lib/cglib-2.2.jar:/home/jpicado/workspacesJava/encuestame/lib/checkstyle-5.0.jar:/home/jpicado/workspacesJava/encuestame/lib/common-annotations.jar:/home/jpicado/workspacesJava/encuestame/lib/commons-beanutils-1.7.0.jar:/home/jpicado/workspacesJava/encuestame/lib/commons-codec-1.3.jar:/home/jpicado/workspacesJava/encuestame/lib/commons-collections-3.2.1.jar:/home/jpicado/workspacesJava/encuestame/lib/commons-digester-1.8.jar:/home/jpicado/workspacesJava/encuestame/lib/commons-lang-2.1.jar:/home/jpicado/workspacesJava/encuestame/lib/commons-logging-1.0.4.jar:/home/jpicado/workspacesJava/encuestame/lib/darkX-3.2.2.GA.jar:/home/jpicado/workspacesJava/encuestame/lib/dom4j-1.6.1.jar:/home/jpicado/workspacesJava/encuestame/lib/ehcache-1.2.jar:/home/jpicado/workspacesJava/encuestame/lib/ejb3-persistence.jar:/home/jpicado/workspacesJava/encuestame/lib/findbugs-ant.jar:/home/jpicado/workspacesJava/encuestame/lib/glassX-3.2.2.GA.jar:/home/jpicado/workspacesJava/encuestame/lib/gmaps4jsf-core-1.1.1.jar:/home/jpicado/workspacesJava/encuestame/lib/hibernate-annotations.jar:/home/jpicado/workspacesJava/encuestame/lib/hibernate-commons-annotations.jar:/home/jpicado/workspacesJava/encuestame/lib/hibernate-validator.jar:/home/jpicado/workspacesJava/encuestame/lib/hibernate3.jar:/home/jpicado/workspacesJava/encuestame/lib/jasypt-1.5.jar:/home/jpicado/workspacesJava/encuestame/lib/javassist.jar:/home/jpicado/workspacesJava/encuestame/lib/jaxen-1.1.1.jar:/home/jpicado/workspacesJava/encuestame/lib/jdom.jar:/home/jpicado/workspacesJava/encuestame/lib/jsf-api-1.2_09.jar:/home/jpicado/workspacesJava/encuestame/lib/jsf-facelets-1.1.14.jar:/home/jpicado/workspacesJava/encuestame/lib/jsf-impl-1.2_09.jar:/home/jpicado/workspacesJava/encuestame/lib/jsf-tlds.jar:/home/jpicado/workspacesJava/encuestame/lib/jstl-1.2.jar:/home/jpicado/workspacesJava/encuestame/lib/jta.jar:/home/jpicado/workspacesJava/encuestame/lib/junit-4.4.jar:/home/jpicado/workspacesJava/encuestame/lib/laguna-3.2.2.GA.jar:/home/jpicado/workspacesJava/encuestame/lib/laguna-3.3.0.GA.jar:/home/jpicado/workspacesJava/encuestame/lib/log4j-1.2.11.jar:/home/jpicado/workspacesJava/encuestame/lib/mail-1.4.jar:/home/jpicado/workspacesJava/encuestame/lib/mysql-connector-java-5.0.7-bin.jar:/home/jpicado/workspacesJava/encuestame/lib/pmd-4.1.jar:/home/jpicado/workspacesJava/encuestame/lib/richfaces-api-3.3.0.GA.jar:/home/jpicado/workspacesJava/encuestame/lib/richfaces-impl-3.3.0.GA.jar:/home/jpicado/workspacesJava/encuestame/lib/richfaces-ui-3.3.0.GA.jar:/home/jpicado/workspacesJava/encuestame/lib/servlet-api.jar:/home/jpicado/workspacesJava/encuestame/lib/slf4j-api-1.5.5.jar:/home/jpicado/workspacesJava/encuestame/lib/slf4j-simple-1.5.5.jar:/home/jpicado/workspacesJava/encuestame/lib/spring-aop.jar:/home/jpicado/workspacesJava/encuestame/lib/spring-beans.jar:/home/jpicado/workspacesJava/encuestame/lib/spring-context.jar:/home/jpicado/workspacesJava/encuestame/lib/spring-core.jar:/home/jpicado/workspacesJava/encuestame/lib/spring-jdbc.jar:/home/jpicado/workspacesJava/encuestame/lib/spring-security-acl-2.0.3.jar:/home/jpicado/workspacesJava/encuestame/lib/spring-security-core-2.0.3.jar:/home/jpicado/workspacesJava/encuestame/lib/spring-security-core-tiger-2.0.3.jar:/home/jpicado/workspacesJava/encuestame/lib/spring-security-taglibs-2.0.3.jar:/home/jpicado/workspacesJava/encuestame/lib/spring-test.jar:/home/jpicado/workspacesJava/encuestame/lib/spring-web.jar:/home/jpicado/workspacesJava/encuestame/lib/spring.jar:/home/jpicado/workspacesJava/encuestame/lib/standard.jar:/home/jpicado/workspacesJava/encuestame/lib/urlrewrite-2.6.0.jar:/home/jpicado/workspacesJava/encuestame/lib/xerces.jar:/home/jpicado/workspacesJava/encuestame/build/compile/prod:/opt/cobertura/cobertura.jar:/home/jpicado/workspacesJava/encuestame/test/java:/home/jpicado/workspacesJava/encuestame/build/compile/test:/home/jpicado/workspacesJava/encuestame/source/config/spring:/home/jpicado/workspacesJava/encuestame/source/config/properties:/usr/share/ant/lib/junit.jar:/usr/share/ant/lib/ant-launcher.jar:/usr/share/ant/lib/ant.jar:/usr/share/ant/lib/ant-junit.jar" />
    <property name="ant.file.encuestame" value="/home/jpicado/workspacesJava/encuestame/build.xml" />
    <property name="java.vm.specification.name" value="Java Virtual Machine Specification" />
    <property name="java.vm.specification.version" value="1.0" />
    <property name="sun.os.patch.level" value="unknown" />
    <property name="sun.cpu.endian" value="little" />
    <property name="src.test" value="/home/jpicado/workspacesJava/encuestame/test/java/" />
    <property name="java.io.tmpdir" value="/tmp" />
    <property name="java.vendor.url.bug" value="http://java.sun.com/cgi-bin/bugreport.cgi" />
    <property name="em.app.name" value="encuestame" />
    <property name="src.scripts" value="source/scripts/" />
    <property name="java.awt.graphicsenv" value="sun.awt.X11GraphicsEnvironment" />
    <property name="os.arch" value="i386" />
    <property name="cobertura.ser.file" value="/home/jpicado/workspacesJava/encuestame/build//cobertura/instrument//cobertura.ser" />
    <property name="src.js" value="source/scripts/js/" />
    <property name="java.ext.dirs" value="/usr/lib/jvm/java-6-openjdk/jre/lib/ext:/usr/java/packages/lib/ext" />
    <property name="src.pages" value="source/xhtml/pages/" />
    <property name="user.dir" value="/home/jpicado/workspacesJava/encuestame" />
    <property name="src.xhtml" value="source/xhtml/" />
    <property name="src.config" value="source/config/" />
    <property name="line.separator" value="
" />
    <property name="java.vm.name" value="OpenJDK Server VM" />
    <property name="src.schema" value="source/schema" />
    <property name="basedir" value="/home/jpicado/workspacesJava/encuestame" />
    <property name="ant.java.version" value="1.6" />
    <property name="ant.core.lib" value="/usr/share/ant/lib/ant.jar" />
    <property name="jar.name" value="encuestame-core.jar" />
    <property name="file.encoding" value="UTF-8" />
    <property name="war.name" value="encuestame.war" />
    <property name="build.test" value="/home/jpicado/workspacesJava/encuestame/build/compile/test/" />
    <property name="test.source" value="test/java/" />
    <property name="em.app.webcontent" value="WebContent/" />
    <property name="java.specification.version" value="1.6" />
  </properties>
  <testcase classname="org.encuestame.core.persistence.dao.TestSecGroupDaoImp" name="TestCreateGroup" time="0.024" />
  <testcase classname="org.encuestame.core.persistence.dao.TestSecGroupDaoImp" name="TestDeleteGroup" time="0.032" />
  <system-out><![CDATA[]]></system-out>
  <system-err><![CDATA[]]></system-err>
</testsuite>
