<?xml version="1.0" encoding="UTF-8" ?>
<testsuite failures="0" time="0.162" errors="0" skipped="0" tests="1" name="org.encuestame.core.test.persistence.pojos.TestCatState">
  <properties>
    <property name="java.runtime.name" value="Java(TM) SE Runtime Environment"/>
    <property name="sun.boot.library.path" value="/usr/lib/jvm/java-6-sun-1.6.0.15/jre/lib/amd64"/>
    <property name="java.vm.version" value="14.1-b02"/>
    <property name="java.vm.vendor" value="Sun Microsystems Inc."/>
    <property name="java.vendor.url" value="http://java.sun.com/"/>
    <property name="path.separator" value=":"/>
    <property name="java.vm.name" value="Java HotSpot(TM) 64-Bit Server VM"/>
    <property name="file.encoding.pkg" value="sun.io"/>
    <property name="user.country" value="US"/>
    <property name="sun.java.launcher" value="SUN_STANDARD"/>
    <property name="sun.os.patch.level" value="unknown"/>
    <property name="java.vm.specification.name" value="Java Virtual Machine Specification"/>
    <property name="user.dir" value="/home/jpicado/opt/eclipse3.5RC2/workspaces/encuestame/encuestame-core"/>
    <property name="java.runtime.version" value="1.6.0_15-b03"/>
    <property name="java.awt.graphicsenv" value="sun.awt.X11GraphicsEnvironment"/>
    <property name="basedir" value="/home/jpicado/opt/eclipse3.5RC2/workspaces/encuestame/encuestame-core"/>
    <property name="java.endorsed.dirs" value="/usr/lib/jvm/java-6-sun-1.6.0.15/jre/lib/endorsed"/>
    <property name="os.arch" value="amd64"/>
    <property name="surefire.real.class.path" value="/tmp/surefirebooter6056039184662026943.jar"/>
    <property name="java.io.tmpdir" value="/tmp"/>
    <property name="line.separator" value="
"/>
    <property name="java.vm.specification.vendor" value="Sun Microsystems Inc."/>
    <property name="os.name" value="Linux"/>
    <property name="sun.jnu.encoding" value="UTF-8"/>
    <property name="java.library.path" value="/usr/lib/jvm/java-6-sun-1.6.0.15/jre/lib/amd64/server:/usr/lib/jvm/java-6-sun-1.6.0.15/jre/lib/amd64:/usr/lib/jvm/java-6-sun-1.6.0.15/jre/../lib/amd64:/usr/java/packages/lib/amd64:/lib:/usr/lib"/>
    <property name="surefire.test.class.path" value="/home/jpicado/opt/eclipse3.5RC2/workspaces/encuestame/encuestame-core/target/test-classes:/home/jpicado/opt/eclipse3.5RC2/workspaces/encuestame/encuestame-core/target/classes:/home/jpicado/opt/eclipse3.5RC2/workspaces/encuestame/encuestame-utils/target/encuestame-utils-1.0-SNAPSHOT.jar:/home/jpicado/.m2/repository/org/primefaces/primefaces/1.0.0/primefaces-1.0.0.jar:/home/jpicado/.m2/repository/com/sun/facelets/jsf-facelets/1.1.14/jsf-facelets-1.1.14.jar:/home/jpicado/.m2/repository/commons-codec/commons-codec/1.3/commons-codec-1.3.jar:/home/jpicado/.m2/repository/commons-collections/commons-collections/3.2.1/commons-collections-3.2.1.jar:/home/jpicado/.m2/repository/commons-lang/commons-lang/2.1/commons-lang-2.1.jar:/home/jpicado/.m2/repository/c3p0/c3p0/0.9.0/c3p0-0.9.0.jar:/home/jpicado/.m2/repository/javax/annotation/jsr250-api/1.0/jsr250-api-1.0.jar:/home/jpicado/.m2/repository/org/hibernate/hibernate-annotations/3.3.1.GA/hibernate-annotations-3.3.1.GA.jar:/home/jpicado/.m2/repository/org/hibernate/hibernate-commons-annotations/3.3.0.ga/hibernate-commons-annotations-3.3.0.ga.jar:/home/jpicado/.m2/repository/commons-logging/commons-logging/1.1.1/commons-logging-1.1.1.jar:/home/jpicado/.m2/repository/org/hibernate/ejb3-persistence/1.0.1.GA/ejb3-persistence-1.0.1.GA.jar:/home/jpicado/.m2/repository/org/hibernate/hibernate-core/3.3.1.GA/hibernate-core-3.3.1.GA.jar:/home/jpicado/.m2/repository/antlr/antlr/2.7.7/antlr-2.7.7.jar:/home/jpicado/.m2/repository/dom4j/dom4j/1.6.1/dom4j-1.6.1.jar:/home/jpicado/.m2/repository/javax/transaction/jta/1.1/jta-1.1.jar:/home/jpicado/.m2/repository/org/slf4j/slf4j-api/1.5.8/slf4j-api-1.5.8.jar:/home/jpicado/.m2/repository/org/hibernate/hibernate/3.2.1.ga/hibernate-3.2.1.ga.jar:/home/jpicado/.m2/repository/net/sf/ehcache/ehcache/1.2/ehcache-1.2.jar:/home/jpicado/.m2/repository/asm/asm/1.5.3/asm-1.5.3.jar:/home/jpicado/.m2/repository/javax/persistence/persistence-api/1.0/persistence-api-1.0.jar:/home/jpicado/.m2/repository/org/hibernate/hibernate-validator/3.1.0.GA/hibernate-validator-3.1.0.GA.jar:/home/jpicado/.m2/repository/jaxen/jaxen/1.1.1/jaxen-1.1.1.jar:/home/jpicado/.m2/repository/xerces/xercesImpl/2.6.2/xercesImpl-2.6.2.jar:/home/jpicado/.m2/repository/mysql/mysql-connector-java/5.0.7/mysql-connector-java-5.0.7.jar:/home/jpicado/.m2/repository/log4j/log4j/1.2.14/log4j-1.2.14.jar:/home/jpicado/.m2/repository/javax/mail/mail/1.4/mail-1.4.jar:/home/jpicado/.m2/repository/javax/activation/activation/1.1/activation-1.1.jar:/home/jpicado/.m2/repository/taglibs/standard/1.1.2/standard-1.1.2.jar:/home/jpicado/.m2/repository/javax/faces/jsf-impl/1.2-b19/jsf-impl-1.2-b19.jar:/home/jpicado/.m2/repository/org/springframework/org.springframework.core/3.0.1.RELEASE/org.springframework.core-3.0.1.RELEASE.jar:/home/jpicado/.m2/repository/org/springframework/org.springframework.web/3.0.1.RELEASE/org.springframework.web-3.0.1.RELEASE.jar:/home/jpicado/.m2/repository/org/aopalliance/com.springsource.org.aopalliance/1.0.0/com.springsource.org.aopalliance-1.0.0.jar:/home/jpicado/.m2/repository/org/springframework/org.springframework.aop/3.0.1.RELEASE/org.springframework.aop-3.0.1.RELEASE.jar:/home/jpicado/.m2/repository/org/springframework/org.springframework.beans/3.0.1.RELEASE/org.springframework.beans-3.0.1.RELEASE.jar:/home/jpicado/.m2/repository/org/springframework/org.springframework.asm/3.0.1.RELEASE/org.springframework.asm-3.0.1.RELEASE.jar:/home/jpicado/.m2/repository/org/springframework/org.springframework.context/3.0.1.RELEASE/org.springframework.context-3.0.1.RELEASE.jar:/home/jpicado/.m2/repository/org/springframework/org.springframework.expression/3.0.1.RELEASE/org.springframework.expression-3.0.1.RELEASE.jar:/home/jpicado/.m2/repository/org/springframework/org.springframework.transaction/3.0.1.RELEASE/org.springframework.transaction-3.0.1.RELEASE.jar:/home/jpicado/.m2/repository/org/springframework/org.springframework.orm/3.0.1.RELEASE/org.springframework.orm-3.0.1.RELEASE.jar:/home/jpicado/.m2/repository/org/springframework/org.springframework.jdbc/3.0.1.RELEASE/org.springframework.jdbc-3.0.1.RELEASE.jar:/home/jpicado/.m2/repository/org/springframework/org.springframework.web.servlet/3.0.1.RELEASE/org.springframework.web.servlet-3.0.1.RELEASE.jar:/home/jpicado/.m2/repository/org/springframework/org.springframework.test/3.0.1.RELEASE/org.springframework.test-3.0.1.RELEASE.jar:/home/jpicado/.m2/repository/org/springframework/webflow/spring-binding/2.0.9.RELEASE/spring-binding-2.0.9.RELEASE.jar:/home/jpicado/.m2/repository/org/springframework/spring-beans/2.5.6.SEC01/spring-beans-2.5.6.SEC01.jar:/home/jpicado/.m2/repository/org/springframework/spring-core/2.5.6.SEC01/spring-core-2.5.6.SEC01.jar:/home/jpicado/.m2/repository/org/springframework/spring-context/2.5.6.SEC01/spring-context-2.5.6.SEC01.jar:/home/jpicado/.m2/repository/aopalliance/aopalliance/1.0/aopalliance-1.0.jar:/home/jpicado/.m2/repository/org/springframework/webflow/spring-faces/2.0.9.RELEASE/spring-faces-2.0.9.RELEASE.jar:/home/jpicado/.m2/repository/org/springframework/spring-web/2.5.6.SEC01/spring-web-2.5.6.SEC01.jar:/home/jpicado/.m2/repository/org/springframework/spring-webmvc/2.5.6.SEC01/spring-webmvc-2.5.6.SEC01.jar:/home/jpicado/.m2/repository/org/springframework/spring-context-support/2.5.6.SEC01/spring-context-support-2.5.6.SEC01.jar:/home/jpicado/.m2/repository/org/springframework/webflow/spring-js/2.0.9.RELEASE/spring-js-2.0.9.RELEASE.jar:/home/jpicado/.m2/repository/org/springframework/webflow/org.springframework.faces/2.0.9.RELEASE/org.springframework.faces-2.0.9.RELEASE.jar:/home/jpicado/.m2/repository/org/springframework/webflow/org.springframework.binding/2.0.9.RELEASE/org.springframework.binding-2.0.9.RELEASE.jar:/home/jpicado/.m2/repository/org/springframework/webflow/org.springframework.js/2.0.9.RELEASE/org.springframework.js-2.0.9.RELEASE.jar:/home/jpicado/.m2/repository/org/springframework/webflow/org.springframework.webflow/2.0.9.RELEASE/org.springframework.webflow-2.0.9.RELEASE.jar:/home/jpicado/.m2/repository/org/springframework/security/spring-security-config/3.0.2.RELEASE/spring-security-config-3.0.2.RELEASE.jar:/home/jpicado/.m2/repository/org/springframework/security/spring-security-core/3.0.2.RELEASE/spring-security-core-3.0.2.RELEASE.jar:/home/jpicado/.m2/repository/org/springframework/spring-expression/3.0.1.RELEASE/spring-expression-3.0.1.RELEASE.jar:/home/jpicado/.m2/repository/org/springframework/spring-tx/3.0.1.RELEASE/spring-tx-3.0.1.RELEASE.jar:/home/jpicado/.m2/repository/org/springframework/spring-aop/3.0.1.RELEASE/spring-aop-3.0.1.RELEASE.jar:/home/jpicado/.m2/repository/org/springframework/spring-asm/3.0.1.RELEASE/spring-asm-3.0.1.RELEASE.jar:/home/jpicado/.m2/repository/org/aspectj/aspectjrt/1.6.0/aspectjrt-1.6.0.jar:/home/jpicado/.m2/repository/org/aspectj/aspectjweaver/1.6.0/aspectjweaver-1.6.0.jar:/home/jpicado/.m2/repository/org/springframework/security/spring-security-ldap/3.0.2.RELEASE/spring-security-ldap-3.0.2.RELEASE.jar:/home/jpicado/.m2/repository/org/springframework/ldap/spring-ldap-core/1.3.0.RELEASE/spring-ldap-core-1.3.0.RELEASE.jar:/home/jpicado/.m2/repository/org/springframework/security/spring-security-openid/3.0.2.RELEASE/spring-security-openid-3.0.2.RELEASE.jar:/home/jpicado/.m2/repository/org/springframework/security/spring-security-web/3.0.2.RELEASE/spring-security-web-3.0.2.RELEASE.jar:/home/jpicado/.m2/repository/org/openid4java/openid4java/0.9.5/openid4java-0.9.5.jar:/home/jpicado/.m2/repository/org/springframework/security/spring-security-taglibs/3.0.2.RELEASE/spring-security-taglibs-3.0.2.RELEASE.jar:/home/jpicado/.m2/repository/org/springframework/security/spring-security-acl/3.0.2.RELEASE/spring-security-acl-3.0.2.RELEASE.jar:/home/jpicado/.m2/repository/org/springframework/spring-jdbc/3.0.1.RELEASE/spring-jdbc-3.0.1.RELEASE.jar:/home/jpicado/.m2/repository/commons-httpclient/commons-httpclient/3.1/commons-httpclient-3.1.jar:/home/jpicado/.m2/repository/org/jasypt/jasypt/1.6/jasypt-1.6.jar:/home/jpicado/.m2/repository/org/jdom/jdom/1.1/jdom-1.1.jar:/home/jpicado/.m2/repository/junit/junit/4.7/junit-4.7.jar:/home/jpicado/.m2/repository/org/twitter4j/twitter4j-core/2.1.2-SNAPSHOT/twitter4j-core-2.1.2-SNAPSHOT.jar:/home/jpicado/.m2/repository/javax/faces/jsf-api/1.2_02/jsf-api-1.2_02.jar:/home/jpicado/.m2/repository/org/richfaces/ui/richfaces-ui/3.3.2.GA/richfaces-ui-3.3.2.GA.jar:/home/jpicado/.m2/repository/org/richfaces/framework/richfaces-impl/3.3.2.GA/richfaces-impl-3.3.2.GA.jar:/home/jpicado/.m2/repository/commons-digester/commons-digester/1.8/commons-digester-1.8.jar:/home/jpicado/.m2/repository/commons-beanutils/commons-beanutils/1.7.0/commons-beanutils-1.7.0.jar:/home/jpicado/.m2/repository/org/richfaces/framework/richfaces-api/3.3.2.GA/richfaces-api-3.3.2.GA.jar:/home/jpicado/.m2/repository/com/googlecode/gmaps4jsf/gmaps4jsf-core/1.1.1/gmaps4jsf-core-1.1.1.jar:/home/jpicado/.m2/repository/org/tuckey/urlrewrite/2.5.2/urlrewrite-2.5.2.jar:/home/jpicado/.m2/repository/jstl/jstl/1.2/jstl-1.2.jar:/home/jpicado/.m2/repository/org/slf4j/slf4j-jdk14/1.5.11/slf4j-jdk14-1.5.11.jar:/home/jpicado/.m2/repository/org/slf4j/slf4j-log4j12/1.5.6/slf4j-log4j12-1.5.6.jar:/home/jpicado/.m2/repository/javassist/javassist/3.3.GA/javassist-3.3.GA.jar:/home/jpicado/.m2/repository/org/jboss/el/jboss-el/2.0.1.GA/jboss-el-2.0.1.GA.jar:/home/jpicado/.m2/repository/cglib/cglib-nodep/2.2/cglib-nodep-2.2.jar:/home/jpicado/.m2/repository/org/antlr/antlr/3.0.1/antlr-3.0.1.jar:/home/jpicado/.m2/repository/org/antlr/stringtemplate/3.1-b1/stringtemplate-3.1-b1.jar:/home/jpicado/.m2/repository/net/tanesha/recaptcha4j/recaptcha4j/0.0.7/recaptcha4j-0.0.7.jar:/home/jpicado/.m2/repository/javax/servlet/servlet-api/2.4/servlet-api-2.4.jar:"/>
    <property name="java.specification.name" value="Java Platform API Specification"/>
    <property name="java.class.version" value="50.0"/>
    <property name="sun.management.compiler" value="HotSpot 64-Bit Server Compiler"/>
    <property name="os.version" value="2.6.31-20-generic"/>
    <property name="user.home" value="/home/jpicado"/>
    <property name="user.timezone" value="America/Managua"/>
    <property name="java.awt.printerjob" value="sun.print.PSPrinterJob"/>
    <property name="file.encoding" value="UTF-8"/>
    <property name="java.specification.version" value="1.6"/>
    <property name="user.name" value="jpicado"/>
    <property name="java.class.path" value="/home/jpicado/opt/eclipse3.5RC2/workspaces/encuestame/encuestame-core/target/test-classes:/home/jpicado/opt/eclipse3.5RC2/workspaces/encuestame/encuestame-core/target/classes:/home/jpicado/opt/eclipse3.5RC2/workspaces/encuestame/encuestame-utils/target/encuestame-utils-1.0-SNAPSHOT.jar:/home/jpicado/.m2/repository/org/primefaces/primefaces/1.0.0/primefaces-1.0.0.jar:/home/jpicado/.m2/repository/com/sun/facelets/jsf-facelets/1.1.14/jsf-facelets-1.1.14.jar:/home/jpicado/.m2/repository/commons-codec/commons-codec/1.3/commons-codec-1.3.jar:/home/jpicado/.m2/repository/commons-collections/commons-collections/3.2.1/commons-collections-3.2.1.jar:/home/jpicado/.m2/repository/commons-lang/commons-lang/2.1/commons-lang-2.1.jar:/home/jpicado/.m2/repository/c3p0/c3p0/0.9.0/c3p0-0.9.0.jar:/home/jpicado/.m2/repository/javax/annotation/jsr250-api/1.0/jsr250-api-1.0.jar:/home/jpicado/.m2/repository/org/hibernate/hibernate-annotations/3.3.1.GA/hibernate-annotations-3.3.1.GA.jar:/home/jpicado/.m2/repository/org/hibernate/hibernate-commons-annotations/3.3.0.ga/hibernate-commons-annotations-3.3.0.ga.jar:/home/jpicado/.m2/repository/commons-logging/commons-logging/1.1.1/commons-logging-1.1.1.jar:/home/jpicado/.m2/repository/org/hibernate/ejb3-persistence/1.0.1.GA/ejb3-persistence-1.0.1.GA.jar:/home/jpicado/.m2/repository/org/hibernate/hibernate-core/3.3.1.GA/hibernate-core-3.3.1.GA.jar:/home/jpicado/.m2/repository/antlr/antlr/2.7.7/antlr-2.7.7.jar:/home/jpicado/.m2/repository/dom4j/dom4j/1.6.1/dom4j-1.6.1.jar:/home/jpicado/.m2/repository/javax/transaction/jta/1.1/jta-1.1.jar:/home/jpicado/.m2/repository/org/slf4j/slf4j-api/1.5.8/slf4j-api-1.5.8.jar:/home/jpicado/.m2/repository/org/hibernate/hibernate/3.2.1.ga/hibernate-3.2.1.ga.jar:/home/jpicado/.m2/repository/net/sf/ehcache/ehcache/1.2/ehcache-1.2.jar:/home/jpicado/.m2/repository/asm/asm/1.5.3/asm-1.5.3.jar:/home/jpicado/.m2/repository/javax/persistence/persistence-api/1.0/persistence-api-1.0.jar:/home/jpicado/.m2/repository/org/hibernate/hibernate-validator/3.1.0.GA/hibernate-validator-3.1.0.GA.jar:/home/jpicado/.m2/repository/jaxen/jaxen/1.1.1/jaxen-1.1.1.jar:/home/jpicado/.m2/repository/xerces/xercesImpl/2.6.2/xercesImpl-2.6.2.jar:/home/jpicado/.m2/repository/mysql/mysql-connector-java/5.0.7/mysql-connector-java-5.0.7.jar:/home/jpicado/.m2/repository/log4j/log4j/1.2.14/log4j-1.2.14.jar:/home/jpicado/.m2/repository/javax/mail/mail/1.4/mail-1.4.jar:/home/jpicado/.m2/repository/javax/activation/activation/1.1/activation-1.1.jar:/home/jpicado/.m2/repository/taglibs/standard/1.1.2/standard-1.1.2.jar:/home/jpicado/.m2/repository/javax/faces/jsf-impl/1.2-b19/jsf-impl-1.2-b19.jar:/home/jpicado/.m2/repository/org/springframework/org.springframework.core/3.0.1.RELEASE/org.springframework.core-3.0.1.RELEASE.jar:/home/jpicado/.m2/repository/org/springframework/org.springframework.web/3.0.1.RELEASE/org.springframework.web-3.0.1.RELEASE.jar:/home/jpicado/.m2/repository/org/aopalliance/com.springsource.org.aopalliance/1.0.0/com.springsource.org.aopalliance-1.0.0.jar:/home/jpicado/.m2/repository/org/springframework/org.springframework.aop/3.0.1.RELEASE/org.springframework.aop-3.0.1.RELEASE.jar:/home/jpicado/.m2/repository/org/springframework/org.springframework.beans/3.0.1.RELEASE/org.springframework.beans-3.0.1.RELEASE.jar:/home/jpicado/.m2/repository/org/springframework/org.springframework.asm/3.0.1.RELEASE/org.springframework.asm-3.0.1.RELEASE.jar:/home/jpicado/.m2/repository/org/springframework/org.springframework.context/3.0.1.RELEASE/org.springframework.context-3.0.1.RELEASE.jar:/home/jpicado/.m2/repository/org/springframework/org.springframework.expression/3.0.1.RELEASE/org.springframework.expression-3.0.1.RELEASE.jar:/home/jpicado/.m2/repository/org/springframework/org.springframework.transaction/3.0.1.RELEASE/org.springframework.transaction-3.0.1.RELEASE.jar:/home/jpicado/.m2/repository/org/springframework/org.springframework.orm/3.0.1.RELEASE/org.springframework.orm-3.0.1.RELEASE.jar:/home/jpicado/.m2/repository/org/springframework/org.springframework.jdbc/3.0.1.RELEASE/org.springframework.jdbc-3.0.1.RELEASE.jar:/home/jpicado/.m2/repository/org/springframework/org.springframework.web.servlet/3.0.1.RELEASE/org.springframework.web.servlet-3.0.1.RELEASE.jar:/home/jpicado/.m2/repository/org/springframework/org.springframework.test/3.0.1.RELEASE/org.springframework.test-3.0.1.RELEASE.jar:/home/jpicado/.m2/repository/org/springframework/webflow/spring-binding/2.0.9.RELEASE/spring-binding-2.0.9.RELEASE.jar:/home/jpicado/.m2/repository/org/springframework/spring-beans/2.5.6.SEC01/spring-beans-2.5.6.SEC01.jar:/home/jpicado/.m2/repository/org/springframework/spring-core/2.5.6.SEC01/spring-core-2.5.6.SEC01.jar:/home/jpicado/.m2/repository/org/springframework/spring-context/2.5.6.SEC01/spring-context-2.5.6.SEC01.jar:/home/jpicado/.m2/repository/aopalliance/aopalliance/1.0/aopalliance-1.0.jar:/home/jpicado/.m2/repository/org/springframework/webflow/spring-faces/2.0.9.RELEASE/spring-faces-2.0.9.RELEASE.jar:/home/jpicado/.m2/repository/org/springframework/spring-web/2.5.6.SEC01/spring-web-2.5.6.SEC01.jar:/home/jpicado/.m2/repository/org/springframework/spring-webmvc/2.5.6.SEC01/spring-webmvc-2.5.6.SEC01.jar:/home/jpicado/.m2/repository/org/springframework/spring-context-support/2.5.6.SEC01/spring-context-support-2.5.6.SEC01.jar:/home/jpicado/.m2/repository/org/springframework/webflow/spring-js/2.0.9.RELEASE/spring-js-2.0.9.RELEASE.jar:/home/jpicado/.m2/repository/org/springframework/webflow/org.springframework.faces/2.0.9.RELEASE/org.springframework.faces-2.0.9.RELEASE.jar:/home/jpicado/.m2/repository/org/springframework/webflow/org.springframework.binding/2.0.9.RELEASE/org.springframework.binding-2.0.9.RELEASE.jar:/home/jpicado/.m2/repository/org/springframework/webflow/org.springframework.js/2.0.9.RELEASE/org.springframework.js-2.0.9.RELEASE.jar:/home/jpicado/.m2/repository/org/springframework/webflow/org.springframework.webflow/2.0.9.RELEASE/org.springframework.webflow-2.0.9.RELEASE.jar:/home/jpicado/.m2/repository/org/springframework/security/spring-security-config/3.0.2.RELEASE/spring-security-config-3.0.2.RELEASE.jar:/home/jpicado/.m2/repository/org/springframework/security/spring-security-core/3.0.2.RELEASE/spring-security-core-3.0.2.RELEASE.jar:/home/jpicado/.m2/repository/org/springframework/spring-expression/3.0.1.RELEASE/spring-expression-3.0.1.RELEASE.jar:/home/jpicado/.m2/repository/org/springframework/spring-tx/3.0.1.RELEASE/spring-tx-3.0.1.RELEASE.jar:/home/jpicado/.m2/repository/org/springframework/spring-aop/3.0.1.RELEASE/spring-aop-3.0.1.RELEASE.jar:/home/jpicado/.m2/repository/org/springframework/spring-asm/3.0.1.RELEASE/spring-asm-3.0.1.RELEASE.jar:/home/jpicado/.m2/repository/org/aspectj/aspectjrt/1.6.0/aspectjrt-1.6.0.jar:/home/jpicado/.m2/repository/org/aspectj/aspectjweaver/1.6.0/aspectjweaver-1.6.0.jar:/home/jpicado/.m2/repository/org/springframework/security/spring-security-ldap/3.0.2.RELEASE/spring-security-ldap-3.0.2.RELEASE.jar:/home/jpicado/.m2/repository/org/springframework/ldap/spring-ldap-core/1.3.0.RELEASE/spring-ldap-core-1.3.0.RELEASE.jar:/home/jpicado/.m2/repository/org/springframework/security/spring-security-openid/3.0.2.RELEASE/spring-security-openid-3.0.2.RELEASE.jar:/home/jpicado/.m2/repository/org/springframework/security/spring-security-web/3.0.2.RELEASE/spring-security-web-3.0.2.RELEASE.jar:/home/jpicado/.m2/repository/org/openid4java/openid4java/0.9.5/openid4java-0.9.5.jar:/home/jpicado/.m2/repository/org/springframework/security/spring-security-taglibs/3.0.2.RELEASE/spring-security-taglibs-3.0.2.RELEASE.jar:/home/jpicado/.m2/repository/org/springframework/security/spring-security-acl/3.0.2.RELEASE/spring-security-acl-3.0.2.RELEASE.jar:/home/jpicado/.m2/repository/org/springframework/spring-jdbc/3.0.1.RELEASE/spring-jdbc-3.0.1.RELEASE.jar:/home/jpicado/.m2/repository/commons-httpclient/commons-httpclient/3.1/commons-httpclient-3.1.jar:/home/jpicado/.m2/repository/org/jasypt/jasypt/1.6/jasypt-1.6.jar:/home/jpicado/.m2/repository/org/jdom/jdom/1.1/jdom-1.1.jar:/home/jpicado/.m2/repository/junit/junit/4.7/junit-4.7.jar:/home/jpicado/.m2/repository/org/twitter4j/twitter4j-core/2.1.2-SNAPSHOT/twitter4j-core-2.1.2-SNAPSHOT.jar:/home/jpicado/.m2/repository/javax/faces/jsf-api/1.2_02/jsf-api-1.2_02.jar:/home/jpicado/.m2/repository/org/richfaces/ui/richfaces-ui/3.3.2.GA/richfaces-ui-3.3.2.GA.jar:/home/jpicado/.m2/repository/org/richfaces/framework/richfaces-impl/3.3.2.GA/richfaces-impl-3.3.2.GA.jar:/home/jpicado/.m2/repository/commons-digester/commons-digester/1.8/commons-digester-1.8.jar:/home/jpicado/.m2/repository/commons-beanutils/commons-beanutils/1.7.0/commons-beanutils-1.7.0.jar:/home/jpicado/.m2/repository/org/richfaces/framework/richfaces-api/3.3.2.GA/richfaces-api-3.3.2.GA.jar:/home/jpicado/.m2/repository/com/googlecode/gmaps4jsf/gmaps4jsf-core/1.1.1/gmaps4jsf-core-1.1.1.jar:/home/jpicado/.m2/repository/org/tuckey/urlrewrite/2.5.2/urlrewrite-2.5.2.jar:/home/jpicado/.m2/repository/jstl/jstl/1.2/jstl-1.2.jar:/home/jpicado/.m2/repository/org/slf4j/slf4j-jdk14/1.5.11/slf4j-jdk14-1.5.11.jar:/home/jpicado/.m2/repository/org/slf4j/slf4j-log4j12/1.5.6/slf4j-log4j12-1.5.6.jar:/home/jpicado/.m2/repository/javassist/javassist/3.3.GA/javassist-3.3.GA.jar:/home/jpicado/.m2/repository/org/jboss/el/jboss-el/2.0.1.GA/jboss-el-2.0.1.GA.jar:/home/jpicado/.m2/repository/cglib/cglib-nodep/2.2/cglib-nodep-2.2.jar:/home/jpicado/.m2/repository/org/antlr/antlr/3.0.1/antlr-3.0.1.jar:/home/jpicado/.m2/repository/org/antlr/stringtemplate/3.1-b1/stringtemplate-3.1-b1.jar:/home/jpicado/.m2/repository/net/tanesha/recaptcha4j/recaptcha4j/0.0.7/recaptcha4j-0.0.7.jar:/home/jpicado/.m2/repository/javax/servlet/servlet-api/2.4/servlet-api-2.4.jar:"/>
    <property name="java.vm.specification.version" value="1.0"/>
    <property name="sun.arch.data.model" value="64"/>
    <property name="java.home" value="/usr/lib/jvm/java-6-sun-1.6.0.15/jre"/>
    <property name="java.specification.vendor" value="Sun Microsystems Inc."/>
    <property name="user.language" value="en"/>
    <property name="java.vm.info" value="mixed mode"/>
    <property name="java.version" value="1.6.0_15"/>
    <property name="java.ext.dirs" value="/usr/lib/jvm/java-6-sun-1.6.0.15/jre/lib/ext:/usr/java/packages/lib/ext"/>
    <property name="sun.boot.class.path" value="/usr/lib/jvm/java-6-sun-1.6.0.15/jre/lib/resources.jar:/usr/lib/jvm/java-6-sun-1.6.0.15/jre/lib/rt.jar:/usr/lib/jvm/java-6-sun-1.6.0.15/jre/lib/sunrsasign.jar:/usr/lib/jvm/java-6-sun-1.6.0.15/jre/lib/jsse.jar:/usr/lib/jvm/java-6-sun-1.6.0.15/jre/lib/jce.jar:/usr/lib/jvm/java-6-sun-1.6.0.15/jre/lib/charsets.jar:/usr/lib/jvm/java-6-sun-1.6.0.15/jre/classes"/>
    <property name="java.vendor" value="Sun Microsystems Inc."/>
    <property name="localRepository" value="/home/jpicado/.m2/repository"/>
    <property name="file.separator" value="/"/>
    <property name="java.vendor.url.bug" value="http://java.sun.com/cgi-bin/bugreport.cgi"/>
    <property name="sun.cpu.endian" value="little"/>
    <property name="sun.io.unicode.encoding" value="UnicodeLittle"/>
    <property name="sun.desktop" value="gnome"/>
    <property name="sun.cpu.isalist" value=""/>
  </properties>
  <testcase time="0.16" classname="org.encuestame.core.test.persistence.pojos.TestCatState" name="testCatState"/>
</testsuite>