<ehcache>
    <defaultCache
         maxElementsInMemory="500"
         eternal="true"
         overflowToDisk="false"
         memoryStoreEvictionPolicy="LFU" />
         <cache name="userAccountById" maxElementsInMemory="10" eternal="true" overflowToDisk="false" />
         <cache name="userByUsername" maxElementsInMemory="10" eternal="true" overflowToDisk="false" />
</ehcache>